This is pdfTeX, Version 3.14159265-2.6-1.40.16 (TeX Live 2015) (preloaded format=pdflatex 2015.5.24)  23 MAY 2016 21:13
entering extended mode
 restricted \write18 enabled.
 %&-line parsing enabled.
**ganter_thesis.tex
(./ganter_thesis.tex
LaTeX2e <2015/01/01>
Babel <3.9l> and hyphenation patterns for 79 languages loaded.
(/usr/local/texlive/2015/texmf-dist/tex/latex/uwthesis/uwthesis.cls
Document Class: uwthesis 2008/04/15
\tf@not=\write3
(/usr/local/texlive/2015/texmf-dist/tex/latex/base/book.cls
Document Class: book 2014/09/29 v1.4h Standard LaTeX document class
(/usr/local/texlive/2015/texmf-dist/tex/latex/base/bk11.clo
File: bk11.clo 2014/09/29 v1.4h Standard LaTeX file (size option)
)
\c@part=\count79
\c@chapter=\count80
\c@section=\count81
\c@subsection=\count82
\c@subsubsection=\count83
\c@paragraph=\count84
\c@subparagraph=\count85
\c@figure=\count86
\c@table=\count87
\abovecaptionskip=\skip41
\belowcaptionskip=\skip42
\bibindent=\dimen102
)
\botmargin=\dimen103
\@@wholepage=\box26

Formatting for twoside printing.
\@Chair=\count88
\@Sign=\count89
)

LaTeX Warning: You have requested, on input line 42, version
               `2015/03/03' of document class uwthesis,
               but only version
               `2008/04/15'
               is available.

(/usr/local/texlive/2015/texmf-dist/tex/latex/base/alltt.sty
Package: alltt 1997/06/16 v2.0g defines alltt environment
)
(/usr/local/texlive/2015/texmf-dist/tex/latex/graphics/color.sty
Package: color 2014/10/28 v1.1a Standard LaTeX Color (DPC)

(/usr/local/texlive/2015/texmf-dist/tex/latex/latexconfig/color.cfg
File: color.cfg 2007/01/18 v1.5 color configuration of teTeX/TeXLive
)
Package color Info: Driver file: pdftex.def on input line 142.

(/usr/local/texlive/2015/texmf-dist/tex/latex/pdftex-def/pdftex.def
File: pdftex.def 2011/05/27 v0.06d Graphics/color for pdfTeX

(/usr/local/texlive/2015/texmf-dist/tex/generic/oberdiek/infwarerr.sty
Package: infwarerr 2010/04/08 v1.3 Providing info/warning/error messages (HO)
)
(/usr/local/texlive/2015/texmf-dist/tex/generic/oberdiek/ltxcmds.sty
Package: ltxcmds 2011/11/09 v1.22 LaTeX kernel commands for general use (HO)
)
\Gread@gobject=\count90
))
(/usr/local/texlive/2015/texmf-dist/tex/latex/graphics/graphicx.sty
Package: graphicx 2014/10/28 v1.0g Enhanced LaTeX Graphics (DPC,SPQR)

(/usr/local/texlive/2015/texmf-dist/tex/latex/graphics/keyval.sty
Package: keyval 2014/10/28 v1.15 key=value parser (DPC)
\KV@toks@=\toks14
)
(/usr/local/texlive/2015/texmf-dist/tex/latex/graphics/graphics.sty
Package: graphics 2014/10/28 v1.0p Standard LaTeX Graphics (DPC,SPQR)

(/usr/local/texlive/2015/texmf-dist/tex/latex/graphics/trig.sty
Package: trig 1999/03/16 v1.09 sin cos tan (DPC)
)
(/usr/local/texlive/2015/texmf-dist/tex/latex/latexconfig/graphics.cfg
File: graphics.cfg 2010/04/23 v1.9 graphics configuration of TeX Live
)
Package graphics Info: Driver file: pdftex.def on input line 94.
)
\Gin@req@height=\dimen104
\Gin@req@width=\dimen105
)
(/usr/local/texlive/2015/texmf-dist/tex/latex/amsmath/amsmath.sty
Package: amsmath 2013/01/14 v2.14 AMS math features
\@mathmargin=\skip43

For additional information on amsmath, use the `?' option.
(/usr/local/texlive/2015/texmf-dist/tex/latex/amsmath/amstext.sty
Package: amstext 2000/06/29 v2.01

(/usr/local/texlive/2015/texmf-dist/tex/latex/amsmath/amsgen.sty
File: amsgen.sty 1999/11/30 v2.0
\@emptytoks=\toks15
\ex@=\dimen106
))
(/usr/local/texlive/2015/texmf-dist/tex/latex/amsmath/amsbsy.sty
Package: amsbsy 1999/11/29 v1.2d
\pmbraise@=\dimen107
)
(/usr/local/texlive/2015/texmf-dist/tex/latex/amsmath/amsopn.sty
Package: amsopn 1999/12/14 v2.01 operator names
)
\inf@bad=\count91
LaTeX Info: Redefining \frac on input line 210.
\uproot@=\count92
\leftroot@=\count93
LaTeX Info: Redefining \overline on input line 306.
\classnum@=\count94
\DOTSCASE@=\count95
LaTeX Info: Redefining \ldots on input line 378.
LaTeX Info: Redefining \dots on input line 381.
LaTeX Info: Redefining \cdots on input line 466.
\Mathstrutbox@=\box27
\strutbox@=\box28
\big@size=\dimen108
LaTeX Font Info:    Redeclaring font encoding OML on input line 566.
LaTeX Font Info:    Redeclaring font encoding OMS on input line 567.
\macc@depth=\count96
\c@MaxMatrixCols=\count97
\dotsspace@=\muskip10
\c@parentequation=\count98
\dspbrk@lvl=\count99
\tag@help=\toks16
\row@=\count100
\column@=\count101
\maxfields@=\count102
\andhelp@=\toks17
\eqnshift@=\dimen109
\alignsep@=\dimen110
\tagshift@=\dimen111
\tagwidth@=\dimen112
\totwidth@=\dimen113
\lineht@=\dimen114
\@envbody=\toks18
\multlinegap=\skip44
\multlinetaggap=\skip45
\mathdisplay@stack=\toks19
LaTeX Info: Redefining \[ on input line 2665.
LaTeX Info: Redefining \] on input line 2666.
)
(/usr/local/texlive/2015/texmf-dist/tex/latex/amsfonts/amssymb.sty
Package: amssymb 2013/01/14 v3.01 AMS font symbols

(/usr/local/texlive/2015/texmf-dist/tex/latex/amsfonts/amsfonts.sty
Package: amsfonts 2013/01/14 v3.01 Basic AMSFonts support
\symAMSa=\mathgroup4
\symAMSb=\mathgroup5
LaTeX Font Info:    Overwriting math alphabet `\mathfrak' in version `bold'
(Font)                  U/euf/m/n --> U/euf/b/n on input line 106.
))
(/usr/local/texlive/2015/texmf-dist/tex/latex/jknapltx/mathrsfs.sty
Package: mathrsfs 1996/01/01 Math RSFS package v1.0 (jk)
\symrsfs=\mathgroup6
)
(/usr/local/texlive/2015/texmf-dist/tex/latex/subfigure/subfigure.sty
Package: subfigure 2002/03/15 v2.1.5 subfigure package
\subfigtopskip=\skip46
\subfigcapskip=\skip47
\subfigcaptopadj=\dimen115
\subfigbottomskip=\skip48
\subfigcapmargin=\dimen116
\subfiglabelskip=\skip49
\c@subfigure=\count103
\c@lofdepth=\count104
\c@subtable=\count105
\c@lotdepth=\count106

****************************************
* Local config file subfigure.cfg used *
****************************************
(/usr/local/texlive/2015/texmf-dist/tex/latex/subfigure/subfigure.cfg)
\subfig@top=\skip50
\subfig@bottom=\skip51
)
(/usr/local/texlive/2015/texmf-dist/tex/latex/caption/caption.sty
Package: caption 2013/05/02 v3.3-89 Customizing captions (AR)

(/usr/local/texlive/2015/texmf-dist/tex/latex/caption/caption3.sty
Package: caption3 2013/05/02 v1.6-88 caption3 kernel (AR)
Package caption3 Info: TeX engine: e-TeX on input line 57.
\captionmargin=\dimen117
\captionmargin@=\dimen118
\captionwidth=\dimen119
\caption@tempdima=\dimen120
\caption@indent=\dimen121
\caption@parindent=\dimen122
\caption@hangindent=\dimen123
)
\c@ContinuedFloat=\count107
Package caption Info: subfigure package is loaded.
)

LaTeX Warning: Unused global option(s):
    [proquest].

(./ganter_thesis.aux

LaTeX Warning: Label `eq:sum-of-products' multiply defined.


LaTeX Warning: Label `eq:harmonic-to-stft' multiply defined.

)
\openout1 = `ganter_thesis.aux'.

LaTeX Font Info:    Checking defaults for OML/cmm/m/it on input line 87.
LaTeX Font Info:    ... okay on input line 87.
LaTeX Font Info:    Checking defaults for T1/cmr/m/n on input line 87.
LaTeX Font Info:    ... okay on input line 87.
LaTeX Font Info:    Checking defaults for OT1/cmr/m/n on input line 87.
LaTeX Font Info:    ... okay on input line 87.
LaTeX Font Info:    Checking defaults for OMS/cmsy/m/n on input line 87.
LaTeX Font Info:    ... okay on input line 87.
LaTeX Font Info:    Checking defaults for OMX/cmex/m/n on input line 87.
LaTeX Font Info:    ... okay on input line 87.
LaTeX Font Info:    Checking defaults for U/cmr/m/n on input line 87.
LaTeX Font Info:    ... okay on input line 87.
 (/usr/local/texlive/2015/texmf-dist/tex/context/base/supp-pdf.mkii
[Loading MPS to PDF converter (version 2006.09.02).]
\scratchcounter=\count108
\scratchdimen=\dimen124
\scratchbox=\box29
\nofMPsegments=\count109
\nofMParguments=\count110
\everyMPshowfont=\toks20
\MPscratchCnt=\count111
\MPscratchDim=\dimen125
\MPnumerator=\count112
\makeMPintoPDFobject=\count113
\everyMPtoPDFconversion=\toks21
) (/usr/local/texlive/2015/texmf-dist/tex/generic/oberdiek/pdftexcmds.sty
Package: pdftexcmds 2011/11/29 v0.20 Utility functions of pdfTeX for LuaTeX (HO
)

(/usr/local/texlive/2015/texmf-dist/tex/generic/oberdiek/ifluatex.sty
Package: ifluatex 2010/03/01 v1.3 Provides the ifluatex switch (HO)
Package ifluatex Info: LuaTeX not detected.
)
(/usr/local/texlive/2015/texmf-dist/tex/generic/oberdiek/ifpdf.sty
Package: ifpdf 2011/01/30 v2.3 Provides the ifpdf switch (HO)
Package ifpdf Info: pdfTeX in PDF mode is detected.
)
Package pdftexcmds Info: LuaTeX not detected.
Package pdftexcmds Info: \pdf@primitive is available.
Package pdftexcmds Info: \pdf@ifprimitive is available.
Package pdftexcmds Info: \pdfdraftmode found.
)
(/usr/local/texlive/2015/texmf-dist/tex/latex/oberdiek/epstopdf-base.sty
Package: epstopdf-base 2010/02/09 v2.5 Base part for package epstopdf

(/usr/local/texlive/2015/texmf-dist/tex/latex/oberdiek/grfext.sty
Package: grfext 2010/08/19 v1.1 Manage graphics extensions (HO)

(/usr/local/texlive/2015/texmf-dist/tex/generic/oberdiek/kvdefinekeys.sty
Package: kvdefinekeys 2011/04/07 v1.3 Define keys (HO)
))
(/usr/local/texlive/2015/texmf-dist/tex/latex/oberdiek/kvoptions.sty
Package: kvoptions 2011/06/30 v3.11 Key value format for package options (HO)

(/usr/local/texlive/2015/texmf-dist/tex/generic/oberdiek/kvsetkeys.sty
Package: kvsetkeys 2012/04/25 v1.16 Key value parser (HO)

(/usr/local/texlive/2015/texmf-dist/tex/generic/oberdiek/etexcmds.sty
Package: etexcmds 2011/02/16 v1.5 Avoid name clashes with e-TeX commands (HO)
Package etexcmds Info: Could not find \expanded.
(etexcmds)             That can mean that you are not using pdfTeX 1.50 or
(etexcmds)             that some package has redefined \expanded.
(etexcmds)             In the latter case, load this package earlier.
)))
Package grfext Info: Graphics extension search list:
(grfext)             [.png,.pdf,.jpg,.mps,.jpeg,.jbig2,.jb2,.PNG,.PDF,.JPG,.JPE
G,.JBIG2,.JB2,.eps]
(grfext)             \AppendGraphicsExtensions on input line 452.

(/usr/local/texlive/2015/texmf-dist/tex/latex/latexconfig/epstopdf-sys.cfg
File: epstopdf-sys.cfg 2010/07/13 v1.3 Configuration of (r)epstopdf for TeX Liv
e
))
Package caption Info: Begin \AtBeginDocument code.
Package caption Info: Incompatible package detected (regarding \caption).
(caption)             \caption = macro:->\@ifnextchar ({\@specialcaption }{\@no
rmalcaption }.


Package caption Warning: \caption will not be redefined since it's already
(caption)                redefined by a document class or package which is
(caption)                unknown to the caption package.
See the caption package documentation for explanation.

Package caption Info: End \AtBeginDocument code.
LaTeX Font Info:    Try loading font information for U+msa on input line 126.
(/usr/local/texlive/2015/texmf-dist/tex/latex/amsfonts/umsa.fd
File: umsa.fd 2013/01/14 v3.01 AMS symbols A
)
LaTeX Font Info:    Try loading font information for U+msb on input line 126.

(/usr/local/texlive/2015/texmf-dist/tex/latex/amsfonts/umsb.fd
File: umsb.fd 2013/01/14 v3.01 AMS symbols B
)
LaTeX Font Info:    Try loading font information for U+rsfs on input line 126.

(/usr/local/texlive/2015/texmf-dist/tex/latex/jknapltx/ursfs.fd
File: ursfs.fd 1998/03/24 rsfs font definition file (jk)
)
LaTeX Font Info:    Try loading font information for OMS+cmr on input line 126.


(/usr/local/texlive/2015/texmf-dist/tex/latex/base/omscmr.fd
File: omscmr.fd 2014/09/29 v2.5h Standard LaTeX font definitions
)
LaTeX Font Info:    Font shape `OMS/cmr/m/n' in size <8> not available
(Font)              Font shape `OMS/cmsy/m/n' tried instead on input line 126.
LaTeX Font Info:    Font shape `OMS/cmr/m/n' in size <6> not available
(Font)              Font shape `OMS/cmsy/m/n' tried instead on input line 126.
 [-1

{/usr/local/texlive/2015/texmf-var/fonts/map/pdftex/updmap/pdftex.map}] [0

]
LaTeX Font Info:    Font shape `OMS/cmr/m/n' in size <10.95> not available
(Font)              Font shape `OMS/cmsy/m/n' tried instead on input line 156.
 [1] [2]
(./ganter_thesis.toc [1



])
\tf@toc=\write4
\openout4 = `ganter_thesis.toc'.

 [2] [3] (./ganter_thesis.lof
Overfull \hbox (31.81967pt too wide) in paragraph at lines 20--20
 [][] []$\OT1/cmr/m/n/10.95 (\OML/cmm/m/it/10.95 a\OT1/cmr/m/n/10.95 )\OMS/cmsy
/m/n/10.95 j[]\OT1/cmr/m/n/10.95 [\OML/cmm/m/it/10.95 n; f\OT1/cmr/m/n/10.95 )\
OMS/cmsy/m/n/10.95 j$ $\OT1/cmr/m/n/10.95 (\OML/cmm/m/it/10.95 b\OT1/cmr/m/n/10
.95 )\OMS/cmsy/m/n/10.95 j[]\OT1/cmr/m/n/10.95 [\OML/cmm/m/it/10.95 n; f \OMS/c
msy/m/n/10.95 ^^@ \OT1/cmr/m/n/10.95 2\OML/cmm/m/it/10.95 F[]\OT1/cmr/m/n/10.95
 )\OMS/cmsy/m/n/10.95 j$ $\OT1/cmr/m/n/10.95 (\OML/cmm/m/it/10.95 c\OT1/cmr/m/n
/10.95 )\OMS/cmsy/m/n/10.95 j[]\OT1/cmr/m/n/10.95 [\OML/cmm/m/it/10.95 n; f \OM
S/cmsy/m/n/10.95 ^^@ \OT1/cmr/m/n/10.95 2\OML/cmm/m/it/10.95 F[]\OT1/cmr/m/n/10
.95 )\OMS/cmsy/m/n/10.95 jj\OML/cmm/m/it/10.95 H[]\OT1/cmr/m/n/10.95 (\OML/cmm/
m/it/10.95 f\OT1/cmr/m/n/10.95 )\OMS/cmsy/m/n/10.95 j$ $\OT1/cmr/m/n/10.95 (\OM
L/cmm/m/it/10.95 d\OT1/cmr/m/n/10.95 )\OMS/cmsy/m/n/10.95 j[]\OT1/cmr/m/n/10.95
 [\OML/cmm/m/it/10.95 n; \OMS/cmsy/m/n/10.95 ^^@\OML/cmm/m/it/10.95 f \OT1/cmr/
m/n/10.95 + 2\OML/cmm/m/it/10.95 F[]\OT1/cmr/m/n/10.95 )\OMS/cmsy/m/n/10.95 jj\
OML/cmm/m/it/10.95 H[]\OT1/cmr/m/n/10.95 (\OMS/cmsy/m/n/10.95 ^^@\OML/cmm/m/it/
10.95 f\OT1/cmr/m/n/10.95 )\OMS/cmsy/m/n/10.95 j$ 
 []

[4

])
\tf@lof=\write5
\openout5 = `ganter_thesis.lof'.

 [5] [6

] [7

] [8

]
<<1>>
[1



] [2] [3]
<<2>>
<figures/caVScis.png, id=64, 382.42876pt x 537.00626pt>
File: figures/caVScis.png Graphic file (type png)

<use figures/caVScis.png>
Package pdftex.def Info: figures/caVScis.png used on input line 307.
(pdftex.def)             Requested size: 217.14749pt x 304.9168pt.

Underfull \vbox (badness 10000) has occurred while \output is active []

 [4

]
[5 <./figures/caVScis.png>] [6]
<figures/vocoder.png, id=77, 1018.80624pt x 604.2575pt>
File: figures/vocoder.png Graphic file (type png)

<use figures/vocoder.png>
Package pdftex.def Info: figures/vocoder.png used on input line 348.
(pdftex.def)             Requested size: 325.72124pt x 193.18195pt.

Underfull \vbox (badness 10000) has occurred while \output is active []

 [7 <./figures/vocoder.png>] <figures/CI_Signal_Flow.png, id=83, 734.745pt x 65
.24374pt>
File: figures/CI_Signal_Flow.png Graphic file (type png)

<use figures/CI_Signal_Flow.png>
Package pdftex.def Info: figures/CI_Signal_Flow.png used on input line 379.
(pdftex.def)             Requested size: 434.295pt x 38.56514pt.

<figures/output_of_dsp.png, id=84, 506.89375pt x 396.48125pt>
File: figures/output_of_dsp.png Graphic file (type png)

<use figures/output_of_dsp.png>
Package pdftex.def Info: figures/output_of_dsp.png used on input line 387.
(pdftex.def)             Requested size: 434.295pt x 339.7028pt.
 [8]
Underfull \vbox (badness 10000) has occurred while \output is active []

 [9 <./figures/CI_Signal_Flow.png> <./figures/output_of_dsp.png>]
<figures/ACE_flow_diagram_explicit.png, id=93, 815.045pt x 408.52625pt>
File: figures/ACE_flow_diagram_explicit.png Graphic file (type png)

<use figures/ACE_flow_diagram_explicit.png>
Package pdftex.def Info: figures/ACE_flow_diagram_explicit.png used on input li
ne 415.
(pdftex.def)             Requested size: 217.14749pt x 108.83865pt.
 [10 <./figures/ACE_flow_diagram_explicit.png>] <figures/ACE_flow_diagram.png, 
id=98, 730.73pt x 141.52875pt>
File: figures/ACE_flow_diagram.png Graphic file (type png)

<use figures/ACE_flow_diagram.png>
Package pdftex.def Info: figures/ACE_flow_diagram.png used on input line 423.
(pdftex.def)             Requested size: 434.295pt x 84.11455pt.

Overfull \hbox (0.31792pt too wide) in paragraph at lines 435--436
[]\OT1/cmr/m/n/10.95 ACE does, how-ever, pro-vide lim-ited tem-po-ral mod-u-la-
tions via beat fre-quen-cies. Through
 []


Underfull \vbox (badness 10000) has occurred while \output is active []

 [11 <./figures/ACE_flow_diagram.png>]
<figures/F0mod_flow_diagram.png, id=103, 918.43124pt x 221.82875pt>
File: figures/F0mod_flow_diagram.png Graphic file (type png)

<use figures/F0mod_flow_diagram.png>
Package pdftex.def Info: figures/F0mod_flow_diagram.png used on input line 449.

(pdftex.def)             Requested size: 434.295pt x 104.89586pt.

<figures/induced_vs_explicit.png, id=104, 713.66624pt x 406.51875pt>
File: figures/induced_vs_explicit.png Graphic file (type png)

<use figures/induced_vs_explicit.png>
Package pdftex.def Info: figures/induced_vs_explicit.png used on input line 458
.
(pdftex.def)             Requested size: 434.295pt x 247.38058pt.
 [12 <./figures/F0mod_flow_diagram.png>]
<figures/HSSE_flow_diagram_noPhase.png, id=109, 903.375pt x 231.86626pt>
File: figures/HSSE_flow_diagram_noPhase.png Graphic file (type png)

<use figures/HSSE_flow_diagram_noPhase.png>
Package pdftex.def Info: figures/HSSE_flow_diagram_noPhase.png used on input li
ne 476.
(pdftex.def)             Requested size: 434.295pt x 111.47142pt.
 [13 <./figures/induced_vs_explicit.png> <./figures/HSSE_flow_diagram_noPhase.p
ng>]
<figures/HSSE_flow_diagram_Phase.png, id=116, 960.58875pt x 270.00874pt>
File: figures/HSSE_flow_diagram_Phase.png Graphic file (type png)

<use figures/HSSE_flow_diagram_Phase.png>
Package pdftex.def Info: figures/HSSE_flow_diagram_Phase.png used on input line
 490.
(pdftex.def)             Requested size: 434.295pt x 122.07549pt.
 [14 <./figures/HSSE_flow_diagram_Phase.png>] [15]
<<3>>
<figures/incoherent_vs_coherent.png, id=124, 977.6525pt x 347.2975pt>
File: figures/incoherent_vs_coherent.png Graphic file (type png)

<use figures/incoherent_vs_coherent.png>
Package pdftex.def Info: figures/incoherent_vs_coherent.png used on input line 
538.
(pdftex.def)             Requested size: 434.295pt x 154.27928pt.
 [16

] [17 <./figures/incoherent_vs_coherent.png>] [18]

LaTeX Warning: Reference `eq:STFTasFilter' on page 19 undefined on input line 6
19.

[19] [20] [21] <figures/coherent_angle.png, id=148, 819.06pt x 289.08pt>
File: figures/coherent_angle.png Graphic file (type png)

<use figures/coherent_angle.png>
Package pdftex.def Info: figures/coherent_angle.png used on input line 687.
(pdftex.def)             Requested size: 434.295pt x 153.28224pt.
 [22 <./figures/coherent_angle.png>]
<figures/real_vs_magnitude_example.png, id=153, 1170.3725pt x 751.80875pt>
File: figures/real_vs_magnitude_example.png Graphic file (type png)

<use figures/real_vs_magnitude_example.png>
Package pdftex.def Info: figures/real_vs_magnitude_example.png used on input li
ne 739.
(pdftex.def)             Requested size: 434.295pt x 278.97937pt.
 [23] [24 <./figures/real_vs_magnitude_example.png>] [25] [26] [27] [28] [29] [
30]
Underfull \vbox (badness 2600) has occurred while \output is active []

 [31]
[32] <figures/STFTvsHILBERTvsCIS.png, id=187, 748.7975pt x 402.50375pt>
File: figures/STFTvsHILBERTvsCIS.png Graphic file (type png)

<use figures/STFTvsHILBERTvsCIS.png>
Package pdftex.def Info: figures/STFTvsHILBERTvsCIS.png used on input line 1040
.
(pdftex.def)             Requested size: 434.295pt x 233.45233pt.
 [33 <./figures/STFTvsHILBERTvsCIS.png>]
[34]
<<4>>

LaTeX Warning: Reference `eq:sum_of_products' on page 35 undefined on input lin
e 1082.

[35

] <figures/harmonic_envelope.png, id=198, 551.05875pt x 498.86375pt>
File: figures/harmonic_envelope.png Graphic file (type png)

<use figures/harmonic_envelope.png>
Package pdftex.def Info: figures/harmonic_envelope.png used on input line 1137.

(pdftex.def)             Requested size: 269.26077pt x 243.7679pt.
 [36]
Underfull \vbox (badness 10000) has occurred while \output is active []

 [37 <./figures/harmonic_envelope.png>] [38]
<figures/harmonic_envelope_estimate.png, id=211, 446.66875pt x 621.32124pt>
File: figures/harmonic_envelope_estimate.png Graphic file (type png)

<use figures/harmonic_envelope_estimate.png>
Package pdftex.def Info: figures/harmonic_envelope_estimate.png used on input l
ine 1220.
(pdftex.def)             Requested size: 269.26077pt x 374.54953pt.

<figures/harmonic_envelope_2F0.png, id=212, 436.63126pt x 252.945pt>
File: figures/harmonic_envelope_2F0.png Graphic file (type png)

<use figures/harmonic_envelope_2F0.png>
Package pdftex.def Info: figures/harmonic_envelope_2F0.png used on input line 1
248.
(pdftex.def)             Requested size: 269.26077pt x 155.98674pt.

<figures/harmonic_envelope_F0.png, id=213, 435.6275pt x 242.9075pt>
File: figures/harmonic_envelope_F0.png Graphic file (type png)

<use figures/harmonic_envelope_F0.png>
Package pdftex.def Info: figures/harmonic_envelope_F0.png used on input line 12
50.
(pdftex.def)             Requested size: 269.26077pt x 150.13777pt.

<figures/harmonic_envelope_0.png, id=214, 440.64626pt x 235.88126pt>
File: figures/harmonic_envelope_0.png Graphic file (type png)

<use figures/harmonic_envelope_0.png>
Package pdftex.def Info: figures/harmonic_envelope_0.png used on input line 125
2.
(pdftex.def)             Requested size: 269.26077pt x 144.1429pt.
 [39] [40 <./figures/harmonic_envelope_estimate.png>]

LaTeX Warning: Text page 41 contains only floats.


Underfull \vbox (badness 10000) has occurred while \output is active []

 [41 <./figures/harmonic_envelope_2F0.png> <./figures/harmonic_envelope_F0.png>
 <./figures/harmonic_envelope_0.png>] [42] [43]
<figures/clarinetVSsax_F.png, id=235, 503.8825pt x 402.50375pt>
File: figures/clarinetVSsax_F.png Graphic file (type png)

<use figures/clarinetVSsax_F.png>
Package pdftex.def Info: figures/clarinetVSsax_F.png used on input line 1329.
(pdftex.def)             Requested size: 434.295pt x 346.92033pt.

<figures/clarinetVSsax_T.png, id=236, 627.34375pt x 342.27875pt>
File: figures/clarinetVSsax_T.png Graphic file (type png)

<use figures/clarinetVSsax_T.png>
Package pdftex.def Info: figures/clarinetVSsax_T.png used on input line 1339.
(pdftex.def)             Requested size: 434.295pt x 236.96121pt.
 [44 <./figures/clarinetVSsax_F.png>] [45 <./figures/clarinetVSsax_T.png>] [46]
 [47]
<figures/g_k_1.pdf, id=251, 687.56876pt x 406.51875pt>
File: figures/g_k_1.pdf Graphic file (type pdf)
 <use figures/g_k_1.pdf>
Package pdftex.def Info: figures/g_k_1.pdf used on input line 1419.
(pdftex.def)             Requested size: 434.295pt x 256.77188pt.

<figures/g_k_2.pdf, id=252, 687.56876pt x 406.51875pt>
File: figures/g_k_2.pdf Graphic file (type pdf)
 <use figures/g_k_2.pdf>
Package pdftex.def Info: figures/g_k_2.pdf used on input line 1427.
(pdftex.def)             Requested size: 434.295pt x 256.77188pt.

<figures/g_k_3.pdf, id=253, 687.56876pt x 406.51875pt>
File: figures/g_k_3.pdf Graphic file (type pdf)
 <use figures/g_k_3.pdf>
Package pdftex.def Info: figures/g_k_3.pdf used on input line 1435.
(pdftex.def)             Requested size: 434.295pt x 256.77188pt.

[48 <./figures/g_k_1.pdf>]
<figures/g_k_4.pdf, id=265, 687.56876pt x 406.51875pt>
File: figures/g_k_4.pdf Graphic file (type pdf)
 <use figures/g_k_4.pdf>
Package pdftex.def Info: figures/g_k_4.pdf used on input line 1445.
(pdftex.def)             Requested size: 434.295pt x 256.77188pt.

[49 <./figures/g_k_2.pdf>]
<figures/sir_k_1.pdf, id=281, 687.56876pt x 406.51875pt>
File: figures/sir_k_1.pdf Graphic file (type pdf)

<use figures/sir_k_1.pdf>
Package pdftex.def Info: figures/sir_k_1.pdf used on input line 1473.
(pdftex.def)             Requested size: 434.295pt x 256.77188pt.
 [50 <./figures/g_k_3.pdf>]
<figures/sir_k_2.pdf, id=293, 687.56876pt x 406.51875pt>
File: figures/sir_k_2.pdf Graphic file (type pdf)

<use figures/sir_k_2.pdf>
Package pdftex.def Info: figures/sir_k_2.pdf used on input line 1481.
(pdftex.def)             Requested size: 434.295pt x 256.77188pt.

<figures/sir_k_3.pdf, id=294, 687.56876pt x 492.84125pt>
File: figures/sir_k_3.pdf Graphic file (type pdf)

<use figures/sir_k_3.pdf>
Package pdftex.def Info: figures/sir_k_3.pdf used on input line 1491.
(pdftex.def)             Requested size: 434.295pt x 311.29626pt.

<figures/sir_k_4.pdf, id=295, 687.56876pt x 492.84125pt>
File: figures/sir_k_4.pdf Graphic file (type pdf)

<use figures/sir_k_4.pdf>
Package pdftex.def Info: figures/sir_k_4.pdf used on input line 1497.
(pdftex.def)             Requested size: 434.295pt x 311.29626pt.

Underfull \vbox (badness 10000) has occurred while \output is active []

 [51 <./figures/g_k_4.pdf>] <figures/d_ki_1.pdf, id=307, 883.3pt x 400.49625pt>
File: figures/d_ki_1.pdf Graphic file (type pdf)

<use figures/d_ki_1.pdf>
Package pdftex.def Info: figures/d_ki_1.pdf used on input line 1511.
(pdftex.def)             Requested size: 434.295pt x 196.91098pt.
 <figures/d_ki_2.pdf, id=308, 883.3pt x 400.49625pt>
File: figures/d_ki_2.pdf Graphic file (type pdf)

<use figures/d_ki_2.pdf>
Package pdftex.def Info: figures/d_ki_2.pdf used on input line 1519.
(pdftex.def)             Requested size: 434.295pt x 196.91098pt.
 <figures/d_ki_4.pdf, id=309, 883.3pt x 400.49625pt>
File: figures/d_ki_4.pdf Graphic file (type pdf)

<use figures/d_ki_4.pdf>
Package pdftex.def Info: figures/d_ki_4.pdf used on input line 1527.
(pdftex.def)             Requested size: 434.295pt x 196.91098pt.
 <figures/d_ki_3.pdf, id=310, 883.3pt x 400.49625pt>
File: figures/d_ki_3.pdf Graphic file (type pdf)

<use figures/d_ki_3.pdf>
Package pdftex.def Info: figures/d_ki_3.pdf used on input line 1535.
(pdftex.def)             Requested size: 434.295pt x 196.91098pt.

Underfull \vbox (badness 1527) has occurred while \output is active []

 [52 <./figures/sir_k_1.pdf>] [53 <./figures/sir_k_2.pdf>] [54 <./figures/sir_k
_3.pdf>]
<figures/transient_1.pdf, id=344, 883.3pt x 400.49625pt>
File: figures/transient_1.pdf Graphic file (type pdf)

<use figures/transient_1.pdf>
Package pdftex.def Info: figures/transient_1.pdf used on input line 1572.
(pdftex.def)             Requested size: 434.295pt x 196.91098pt.

<figures/transient_2.pdf, id=345, 984.67876pt x 400.49625pt>
File: figures/transient_2.pdf Graphic file (type pdf)

<use figures/transient_2.pdf>
Package pdftex.def Info: figures/transient_2.pdf used on input line 1598.
(pdftex.def)             Requested size: 434.295pt x 176.64055pt.

Underfull \vbox (badness 1033) has occurred while \output is active []

 [55 <./figures/sir_k_4.pdf>] <figures/transient_3.pdf, id=358, 1392.20125pt x 
507.8975pt>
File: figures/transient_3.pdf Graphic file (type pdf)

<use figures/transient_3.pdf>
Package pdftex.def Info: figures/transient_3.pdf used on input line 1608.
(pdftex.def)             Requested size: 521.15266pt x 190.1201pt.

Overfull \hbox (86.85767pt too wide) in paragraph at lines 1608--1609
 [][] 
 []

[56 <./figures/d_ki_1.pdf> <./figures/d_ki_2.pdf>] [57 <./figures/d_ki_4.pdf> <
./figures/d_ki_3.pdf>] [58 <./figures/transient_1.pdf>]
Underfull \vbox (badness 10000) has occurred while \output is active []

 [59 <./figures/transient_2.pdf> <./figures/transient_3.pdf>] [60]
<figures/pitch_sir_k_1.pdf, id=431, 794.97pt x 414.54875pt>
File: figures/pitch_sir_k_1.pdf Graphic file (type pdf)

<use figures/pitch_sir_k_1.pdf>
Package pdftex.def Info: figures/pitch_sir_k_1.pdf used on input line 1687.
(pdftex.def)             Requested size: 434.295pt x 226.47806pt.

<figures/pitch_sir_k_2.pdf, id=432, 794.97pt x 414.54875pt>
File: figures/pitch_sir_k_2.pdf Graphic file (type pdf)

<use figures/pitch_sir_k_2.pdf>
Package pdftex.def Info: figures/pitch_sir_k_2.pdf used on input line 1693.
(pdftex.def)             Requested size: 434.295pt x 226.47806pt.
 [61]
<figures/pitch_sir_k_1_error5.pdf, id=437, 794.97pt x 414.54875pt>
File: figures/pitch_sir_k_1_error5.pdf Graphic file (type pdf)

<use figures/pitch_sir_k_1_error5.pdf>
Package pdftex.def Info: figures/pitch_sir_k_1_error5.pdf used on input line 17
05.
(pdftex.def)             Requested size: 434.295pt x 226.47806pt.
 [62 <./figures/pitch_sir_k_1.pdf> <./figures/pitch_sir_k_2.pdf>]
<figures/pitch_sir_k_2_error5.pdf, id=463, 794.97pt x 414.54875pt>
File: figures/pitch_sir_k_2_error5.pdf Graphic file (type pdf)

<use figures/pitch_sir_k_2_error5.pdf>
Package pdftex.def Info: figures/pitch_sir_k_2_error5.pdf used on input line 17
11.
(pdftex.def)             Requested size: 434.295pt x 226.47806pt.
 [63 <./figures/pitch_sir_k_1_error5.pdf> <./figures/pitch_sir_k_2_error5.pdf>]

<figures/pitch_d_ki_1.pdf, id=489, 794.97pt x 414.54875pt>
File: figures/pitch_d_ki_1.pdf Graphic file (type pdf)

<use figures/pitch_d_ki_1.pdf>
Package pdftex.def Info: figures/pitch_d_ki_1.pdf used on input line 1723.
(pdftex.def)             Requested size: 434.295pt x 226.47806pt.

<figures/pitch_d_ki_2.pdf, id=490, 794.97pt x 414.54875pt>
File: figures/pitch_d_ki_2.pdf Graphic file (type pdf)

<use figures/pitch_d_ki_2.pdf>
Package pdftex.def Info: figures/pitch_d_ki_2.pdf used on input line 1729.
(pdftex.def)             Requested size: 434.295pt x 226.47806pt.

<figures/pitch_d_ki_1_error5.pdf, id=491, 794.97pt x 305.14pt>
File: figures/pitch_d_ki_1_error5.pdf Graphic file (type pdf)

<use figures/pitch_d_ki_1_error5.pdf>
Package pdftex.def Info: figures/pitch_d_ki_1_error5.pdf used on input line 173
7.
(pdftex.def)             Requested size: 434.295pt x 166.7054pt.

<figures/pitch_d_ki_2_error5.pdf, id=492, 794.97pt x 305.14pt>
File: figures/pitch_d_ki_2_error5.pdf Graphic file (type pdf)

<use figures/pitch_d_ki_2_error5.pdf>
Package pdftex.def Info: figures/pitch_d_ki_2_error5.pdf used on input line 174
3.
(pdftex.def)             Requested size: 434.295pt x 166.7054pt.
 [64 <./figures/pitch_d_ki_1.pdf>]
[65 <./figures/pitch_d_ki_2.pdf> <./figures/pitch_d_ki_1_error5.pdf>] [66 <./fi
gures/pitch_d_ki_2_error5.pdf>]
<<5>>
[67

]
<<6>>
[68

]
<<7>>
[69

]
Overfull \hbox (6.59758pt too wide) in paragraph at lines 1833--1834
[]\OT1/cmr/m/n/10.95 We may gen-er-al-ize all three meth-ods to 7.1[] by stat-i
ng $\OML/cmm/m/it/10.95 ^^U\OT1/cmr/m/n/10.95 [\OML/cmm/m/it/10.95 n\OT1/cmr/m/
n/10.95 ] = 1$ for the case of ACE/F0mod. 
 []

[70] [71] [72] [73]
Underfull \vbox (badness 4254) has occurred while \output is active []

 [74]
[75]
Underfull \vbox (badness 2237) has occurred while \output is active []

 [76]
[77]
<<8>>
[78

] [79] [80] [81]
<<9>>
[82

]
<<10>>
[83

]
<<11>>
(./ganter_thesis.bbl [84

]) [85

]
<<A>>
[86

]
<<B>>
[87

] [88

] (./ganter_thesis.aux)

LaTeX Warning: There were undefined references.


LaTeX Warning: There were multiply-defined labels.

 ) 
Here is how much of TeX's memory you used:
 4175 strings out of 493089
 64491 string characters out of 6134842
 129610 words of memory out of 5000000
 7537 multiletter control sequences out of 15000+600000
 13738 words of font info for 54 fonts, out of 8000000 for 9000
 1141 hyphenation exceptions out of 8191
 38i,14n,38p,794b,318s stack positions out of 5000i,500n,10000p,200000b,80000s
</usr/local/texlive/2015/texmf-dist/fonts/type1/public/amsfonts/cm/cmbx10.pfb
></usr/local/texlive/2015/texmf-dist/fonts/type1/public/amsfonts/cm/cmbx12.pfb>
</usr/local/texlive/2015/texmf-dist/fonts/type1/public/amsfonts/cm/cmbxsl10.pfb
></usr/local/texlive/2015/texmf-dist/fonts/type1/public/amsfonts/cm/cmex10.pfb>
</usr/local/texlive/2015/texmf-dist/fonts/type1/public/amsfonts/cm/cmmi10.pfb><
/usr/local/texlive/2015/texmf-dist/fonts/type1/public/amsfonts/cm/cmmi6.pfb></u
sr/local/texlive/2015/texmf-dist/fonts/type1/public/amsfonts/cm/cmmi8.pfb></usr
/local/texlive/2015/texmf-dist/fonts/type1/public/amsfonts/cm/cmr10.pfb></usr/l
ocal/texlive/2015/texmf-dist/fonts/type1/public/amsfonts/cm/cmr12.pfb></usr/loc
al/texlive/2015/texmf-dist/fonts/type1/public/amsfonts/cm/cmr6.pfb></usr/local/
texlive/2015/texmf-dist/fonts/type1/public/amsfonts/cm/cmr8.pfb></usr/local/tex
live/2015/texmf-dist/fonts/type1/public/amsfonts/cm/cmr9.pfb></usr/local/texliv
e/2015/texmf-dist/fonts/type1/public/amsfonts/cm/cmsy10.pfb></usr/local/texlive
/2015/texmf-dist/fonts/type1/public/amsfonts/cm/cmsy6.pfb></usr/local/texlive/2
015/texmf-dist/fonts/type1/public/amsfonts/cm/cmsy8.pfb></usr/local/texlive/201
5/texmf-dist/fonts/type1/public/amsfonts/cm/cmti10.pfb></usr/local/texlive/2015
/texmf-dist/fonts/type1/public/amsfonts/cm/cmtt10.pfb></usr/local/texlive/2015/
texmf-dist/fonts/type1/public/amsfonts/symbols/msam10.pfb></usr/local/texlive/2
015/texmf-dist/fonts/type1/public/amsfonts/symbols/msbm10.pfb>
Output written on ganter_thesis.pdf (100 pages, 3166655 bytes).
PDF statistics:
 670 PDF objects out of 1000 (max. 8388607)
 428 compressed objects within 5 object streams
 0 named destinations out of 1000 (max. 500000)
 221 words of extra memory for PDF output out of 10000 (max. 10000000)

